<?xml version="1.0" encoding="UTF-8"?>
<!-- Generated by org.testng.reporters.JUnitXMLReporter -->
<testsuite ignored="0" hostname="ITDVK-TST013L" failures="0" tests="10" name="Default test" time="287.212" errors="0" timestamp="2025-01-01T11:17:09 IST">
  <testcase classname="PNP_Management.VendorMasterTest" name="userAbleTocreateVendorMaster" time="26.797"/>
  <testcase classname="PNP_Management.VendorMasterTest" name="userAbleTocreateVendorMaster" time="26.239"/>
  <testcase classname="PNP_Management.VendorMasterTest" name="userAbleTocreateVendorMaster" time="26.404"/>
  <testcase classname="PNP_Management.VendorMasterTest" name="userAbleTocreateVendorMaster" time="26.01"/>
  <testcase classname="PNP_Management.VendorMasterTest" name="userAbleTocreateVendorMaster" time="25.89"/>
  <testcase classname="PNP_Management.VendorMasterTest" name="userAbleTocreateVendorMaster" time="26.196"/>
  <testcase classname="PNP_Management.VendorMasterTest" name="userAbleTocreateVendorMaster" time="25.21"/>
  <testcase classname="PNP_Management.VendorMasterTest" name="userAbleTocreateVendorMaster" time="24.915"/>
  <testcase classname="PNP_Management.VendorMasterTest" name="userAbleTocreateVendorMaster" time="23.73"/>
  <testcase classname="PNP_Management.VendorMasterTest" name="userAbleTocreateVendorMaster" time="24.202"/>
</testsuite> <!-- Default test -->
