<?xml version="1.0" encoding="UTF-8"?>
<testng-results ignored="0" total="10" passed="10" failed="0" skipped="0">
  <reporter-output>
  </reporter-output>
  <suite started-at="2025-01-01T11:12:22 IST" name="Default suite" finished-at="2025-01-01T11:17:09 IST" duration-ms="287212">
    <groups>
    </groups>
    <test started-at="2025-01-01T11:12:22 IST" name="Default test" finished-at="2025-01-01T11:17:09 IST" duration-ms="287212">
      <class name="PNP_Management.VendorMasterTest">
        <test-method is-config="true" signature="bsuite()[pri:0, instance:PNP_Management.VendorMasterTest@7770f470]" started-at="2025-01-01T11:12:22 IST" name="bsuite" finished-at="2025-01-01T11:12:22 IST" duration-ms="7" status="PASS">
          <reporter-output>
          </reporter-output>
        </test-method> <!-- bsuite -->
        <test-method is-config="true" signature="btest()[pri:0, instance:PNP_Management.VendorMasterTest@7770f470]" started-at="2025-01-01T11:12:22 IST" name="btest" finished-at="2025-01-01T11:12:22 IST" duration-ms="1" status="PASS">
          <reporter-output>
          </reporter-output>
        </test-method> <!-- btest -->
        <test-method is-config="true" signature="bclass()[pri:0, instance:PNP_Management.VendorMasterTest@7770f470]" started-at="2025-01-01T11:12:22 IST" name="bclass" finished-at="2025-01-01T11:12:32 IST" duration-ms="10155" status="PASS">
          <reporter-output>
          </reporter-output>
        </test-method> <!-- bclass -->
        <test-method is-config="true" signature="bmethod()[pri:0, instance:PNP_Management.VendorMasterTest@7770f470]" started-at="2025-01-01T11:12:32 IST" name="bmethod" finished-at="2025-01-01T11:12:33 IST" duration-ms="935" status="PASS">
          <reporter-output>
          </reporter-output>
        </test-method> <!-- bmethod -->
        <test-method signature="userAbleTocreateVendorMaster()[pri:0, instance:PNP_Management.VendorMasterTest@7770f470]" started-at="2025-01-01T11:12:33 IST" name="userAbleTocreateVendorMaster" finished-at="2025-01-01T11:13:00 IST" duration-ms="26797" status="PASS">
          <reporter-output>
          </reporter-output>
        </test-method> <!-- userAbleTocreateVendorMaster -->
        <test-method is-config="true" signature="amethod()[pri:0, instance:PNP_Management.VendorMasterTest@7770f470]" started-at="2025-01-01T11:13:00 IST" name="amethod" finished-at="2025-01-01T11:13:01 IST" duration-ms="473" status="PASS">
          <reporter-output>
          </reporter-output>
        </test-method> <!-- amethod -->
        <test-method is-config="true" signature="bmethod()[pri:0, instance:PNP_Management.VendorMasterTest@7770f470]" started-at="2025-01-01T11:13:01 IST" name="bmethod" finished-at="2025-01-01T11:13:02 IST" duration-ms="1515" status="PASS">
          <reporter-output>
          </reporter-output>
        </test-method> <!-- bmethod -->
        <test-method signature="userAbleTocreateVendorMaster()[pri:0, instance:PNP_Management.VendorMasterTest@7770f470]" started-at="2025-01-01T11:13:02 IST" name="userAbleTocreateVendorMaster" finished-at="2025-01-01T11:13:28 IST" duration-ms="26239" status="PASS">
          <reporter-output>
          </reporter-output>
        </test-method> <!-- userAbleTocreateVendorMaster -->
        <test-method is-config="true" signature="amethod()[pri:0, instance:PNP_Management.VendorMasterTest@7770f470]" started-at="2025-01-01T11:13:28 IST" name="amethod" finished-at="2025-01-01T11:13:29 IST" duration-ms="728" status="PASS">
          <reporter-output>
          </reporter-output>
        </test-method> <!-- amethod -->
        <test-method is-config="true" signature="bmethod()[pri:0, instance:PNP_Management.VendorMasterTest@7770f470]" started-at="2025-01-01T11:13:29 IST" name="bmethod" finished-at="2025-01-01T11:13:31 IST" duration-ms="1914" status="PASS">
          <reporter-output>
          </reporter-output>
        </test-method> <!-- bmethod -->
        <test-method signature="userAbleTocreateVendorMaster()[pri:0, instance:PNP_Management.VendorMasterTest@7770f470]" started-at="2025-01-01T11:13:31 IST" name="userAbleTocreateVendorMaster" finished-at="2025-01-01T11:13:57 IST" duration-ms="26404" status="PASS">
          <reporter-output>
          </reporter-output>
        </test-method> <!-- userAbleTocreateVendorMaster -->
        <test-method is-config="true" signature="amethod()[pri:0, instance:PNP_Management.VendorMasterTest@7770f470]" started-at="2025-01-01T11:13:57 IST" name="amethod" finished-at="2025-01-01T11:13:58 IST" duration-ms="625" status="PASS">
          <reporter-output>
          </reporter-output>
        </test-method> <!-- amethod -->
        <test-method is-config="true" signature="bmethod()[pri:0, instance:PNP_Management.VendorMasterTest@7770f470]" started-at="2025-01-01T11:13:58 IST" name="bmethod" finished-at="2025-01-01T11:14:00 IST" duration-ms="1884" status="PASS">
          <reporter-output>
          </reporter-output>
        </test-method> <!-- bmethod -->
        <test-method signature="userAbleTocreateVendorMaster()[pri:0, instance:PNP_Management.VendorMasterTest@7770f470]" started-at="2025-01-01T11:14:00 IST" name="userAbleTocreateVendorMaster" finished-at="2025-01-01T11:14:26 IST" duration-ms="26010" status="PASS">
          <reporter-output>
          </reporter-output>
        </test-method> <!-- userAbleTocreateVendorMaster -->
        <test-method is-config="true" signature="amethod()[pri:0, instance:PNP_Management.VendorMasterTest@7770f470]" started-at="2025-01-01T11:14:26 IST" name="amethod" finished-at="2025-01-01T11:14:27 IST" duration-ms="626" status="PASS">
          <reporter-output>
          </reporter-output>
        </test-method> <!-- amethod -->
        <test-method is-config="true" signature="bmethod()[pri:0, instance:PNP_Management.VendorMasterTest@7770f470]" started-at="2025-01-01T11:14:27 IST" name="bmethod" finished-at="2025-01-01T11:14:28 IST" duration-ms="1681" status="PASS">
          <reporter-output>
          </reporter-output>
        </test-method> <!-- bmethod -->
        <test-method signature="userAbleTocreateVendorMaster()[pri:0, instance:PNP_Management.VendorMasterTest@7770f470]" started-at="2025-01-01T11:14:28 IST" name="userAbleTocreateVendorMaster" finished-at="2025-01-01T11:14:54 IST" duration-ms="25890" status="PASS">
          <reporter-output>
          </reporter-output>
        </test-method> <!-- userAbleTocreateVendorMaster -->
        <test-method is-config="true" signature="amethod()[pri:0, instance:PNP_Management.VendorMasterTest@7770f470]" started-at="2025-01-01T11:14:54 IST" name="amethod" finished-at="2025-01-01T11:14:55 IST" duration-ms="530" status="PASS">
          <reporter-output>
          </reporter-output>
        </test-method> <!-- amethod -->
        <test-method is-config="true" signature="bmethod()[pri:0, instance:PNP_Management.VendorMasterTest@7770f470]" started-at="2025-01-01T11:14:55 IST" name="bmethod" finished-at="2025-01-01T11:14:56 IST" duration-ms="1702" status="PASS">
          <reporter-output>
          </reporter-output>
        </test-method> <!-- bmethod -->
        <test-method signature="userAbleTocreateVendorMaster()[pri:0, instance:PNP_Management.VendorMasterTest@7770f470]" started-at="2025-01-01T11:14:56 IST" name="userAbleTocreateVendorMaster" finished-at="2025-01-01T11:15:23 IST" duration-ms="26196" status="PASS">
          <reporter-output>
          </reporter-output>
        </test-method> <!-- userAbleTocreateVendorMaster -->
        <test-method is-config="true" signature="amethod()[pri:0, instance:PNP_Management.VendorMasterTest@7770f470]" started-at="2025-01-01T11:15:23 IST" name="amethod" finished-at="2025-01-01T11:15:23 IST" duration-ms="633" status="PASS">
          <reporter-output>
          </reporter-output>
        </test-method> <!-- amethod -->
        <test-method is-config="true" signature="bmethod()[pri:0, instance:PNP_Management.VendorMasterTest@7770f470]" started-at="2025-01-01T11:15:23 IST" name="bmethod" finished-at="2025-01-01T11:15:25 IST" duration-ms="1721" status="PASS">
          <reporter-output>
          </reporter-output>
        </test-method> <!-- bmethod -->
        <test-method signature="userAbleTocreateVendorMaster()[pri:0, instance:PNP_Management.VendorMasterTest@7770f470]" started-at="2025-01-01T11:15:25 IST" name="userAbleTocreateVendorMaster" finished-at="2025-01-01T11:15:50 IST" duration-ms="25210" status="PASS">
          <reporter-output>
          </reporter-output>
        </test-method> <!-- userAbleTocreateVendorMaster -->
        <test-method is-config="true" signature="amethod()[pri:0, instance:PNP_Management.VendorMasterTest@7770f470]" started-at="2025-01-01T11:15:50 IST" name="amethod" finished-at="2025-01-01T11:15:51 IST" duration-ms="510" status="PASS">
          <reporter-output>
          </reporter-output>
        </test-method> <!-- amethod -->
        <test-method is-config="true" signature="bmethod()[pri:0, instance:PNP_Management.VendorMasterTest@7770f470]" started-at="2025-01-01T11:15:51 IST" name="bmethod" finished-at="2025-01-01T11:15:52 IST" duration-ms="1275" status="PASS">
          <reporter-output>
          </reporter-output>
        </test-method> <!-- bmethod -->
        <test-method signature="userAbleTocreateVendorMaster()[pri:0, instance:PNP_Management.VendorMasterTest@7770f470]" started-at="2025-01-01T11:15:52 IST" name="userAbleTocreateVendorMaster" finished-at="2025-01-01T11:16:17 IST" duration-ms="24915" status="PASS">
          <reporter-output>
          </reporter-output>
        </test-method> <!-- userAbleTocreateVendorMaster -->
        <test-method is-config="true" signature="amethod()[pri:0, instance:PNP_Management.VendorMasterTest@7770f470]" started-at="2025-01-01T11:16:17 IST" name="amethod" finished-at="2025-01-01T11:16:17 IST" duration-ms="411" status="PASS">
          <reporter-output>
          </reporter-output>
        </test-method> <!-- amethod -->
        <test-method is-config="true" signature="bmethod()[pri:0, instance:PNP_Management.VendorMasterTest@7770f470]" started-at="2025-01-01T11:16:17 IST" name="bmethod" finished-at="2025-01-01T11:16:19 IST" duration-ms="1306" status="PASS">
          <reporter-output>
          </reporter-output>
        </test-method> <!-- bmethod -->
        <test-method signature="userAbleTocreateVendorMaster()[pri:0, instance:PNP_Management.VendorMasterTest@7770f470]" started-at="2025-01-01T11:16:19 IST" name="userAbleTocreateVendorMaster" finished-at="2025-01-01T11:16:42 IST" duration-ms="23730" status="PASS">
          <reporter-output>
          </reporter-output>
        </test-method> <!-- userAbleTocreateVendorMaster -->
        <test-method is-config="true" signature="amethod()[pri:0, instance:PNP_Management.VendorMasterTest@7770f470]" started-at="2025-01-01T11:16:42 IST" name="amethod" finished-at="2025-01-01T11:16:43 IST" duration-ms="317" status="PASS">
          <reporter-output>
          </reporter-output>
        </test-method> <!-- amethod -->
        <test-method is-config="true" signature="bmethod()[pri:0, instance:PNP_Management.VendorMasterTest@7770f470]" started-at="2025-01-01T11:16:43 IST" name="bmethod" finished-at="2025-01-01T11:16:44 IST" duration-ms="1216" status="PASS">
          <reporter-output>
          </reporter-output>
        </test-method> <!-- bmethod -->
        <test-method signature="userAbleTocreateVendorMaster()[pri:0, instance:PNP_Management.VendorMasterTest@7770f470]" started-at="2025-01-01T11:16:44 IST" name="userAbleTocreateVendorMaster" finished-at="2025-01-01T11:17:08 IST" duration-ms="24202" status="PASS">
          <reporter-output>
          </reporter-output>
        </test-method> <!-- userAbleTocreateVendorMaster -->
        <test-method is-config="true" signature="amethod()[pri:0, instance:PNP_Management.VendorMasterTest@7770f470]" started-at="2025-01-01T11:17:08 IST" name="amethod" finished-at="2025-01-01T11:17:09 IST" duration-ms="753" status="PASS">
          <reporter-output>
          </reporter-output>
        </test-method> <!-- amethod -->
        <test-method is-config="true" signature="aclass()[pri:0, instance:PNP_Management.VendorMasterTest@7770f470]" started-at="2025-01-01T11:17:09 IST" name="aclass" finished-at="2025-01-01T11:17:09 IST" duration-ms="632" status="PASS">
          <reporter-output>
          </reporter-output>
        </test-method> <!-- aclass -->
        <test-method is-config="true" signature="atest()[pri:0, instance:PNP_Management.VendorMasterTest@7770f470]" started-at="2025-01-01T11:17:09 IST" name="atest" finished-at="2025-01-01T11:17:09 IST" duration-ms="2" status="PASS">
          <reporter-output>
          </reporter-output>
        </test-method> <!-- atest -->
        <test-method is-config="true" signature="asuite()[pri:0, instance:PNP_Management.VendorMasterTest@7770f470]" started-at="2025-01-01T11:17:09 IST" name="asuite" finished-at="2025-01-01T11:17:09 IST" duration-ms="0" status="PASS">
          <reporter-output>
          </reporter-output>
        </test-method> <!-- asuite -->
      </class> <!-- PNP_Management.VendorMasterTest -->
    </test> <!-- Default test -->
  </suite> <!-- Default suite -->
</testng-results>
